<?xml version="1.0" encoding="UTF-8"?>
<testng-results ignored="0" total="1" passed="1" failed="0" skipped="0">
  <reporter-output>
  </reporter-output>
  <suite started-at="2023-01-01T22:48:41 IST" name="Default suite" finished-at="2023-01-01T22:48:41 IST" duration-ms="40">
    <groups>
    </groups>
    <test started-at="2023-01-01T22:48:41 IST" name="Default test" finished-at="2023-01-01T22:48:41 IST" duration-ms="40">
      <class name="com.test.seleniumtest.Testingorder">
        <test-method is-config="true" signature="SetUp1()[pri:0, instance:com.test.seleniumtest.Testingorder@4d02f94e]" started-at="2023-01-01T22:48:41 IST" name="SetUp1" finished-at="2023-01-01T22:48:41 IST" duration-ms="6" status="PASS">
          <reporter-output>
          </reporter-output>
        </test-method> <!-- SetUp1 -->
        <test-method is-config="true" signature="launchbrowser1()[pri:0, instance:com.test.seleniumtest.Testingorder@4d02f94e]" started-at="2023-01-01T22:48:41 IST" name="launchbrowser1" finished-at="2023-01-01T22:48:41 IST" duration-ms="1" status="PASS">
          <reporter-output>
          </reporter-output>
        </test-method> <!-- launchbrowser1 -->
        <test-method is-config="true" signature="logintoapplication1()[pri:0, instance:com.test.seleniumtest.Testingorder@4d02f94e]" started-at="2023-01-01T22:48:41 IST" name="logintoapplication1" finished-at="2023-01-01T22:48:41 IST" duration-ms="0" status="PASS">
          <reporter-output>
          </reporter-output>
        </test-method> <!-- logintoapplication1 -->
        <test-method is-config="true" signature="enterurl1()[pri:0, instance:com.test.seleniumtest.Testingorder@4d02f94e]" started-at="2023-01-01T22:48:41 IST" name="enterurl1" finished-at="2023-01-01T22:48:41 IST" duration-ms="0" status="PASS">
          <reporter-output>
          </reporter-output>
        </test-method> <!-- enterurl1 -->
        <test-method signature="nameofthepagetitle()[pri:0, instance:com.test.seleniumtest.Testingorder@4d02f94e]" started-at="2023-01-01T22:48:41 IST" name="nameofthepagetitle" finished-at="2023-01-01T22:48:41 IST" duration-ms="5" status="PASS">
          <reporter-output>
          </reporter-output>
        </test-method> <!-- nameofthepagetitle -->
        <test-method is-config="true" signature="setup3()[pri:0, instance:com.test.seleniumtest.Testingorder@4d02f94e]" started-at="2023-01-01T22:48:41 IST" name="setup3" finished-at="2023-01-01T22:48:41 IST" duration-ms="1" status="PASS">
          <reporter-output>
          </reporter-output>
        </test-method> <!-- setup3 -->
        <test-method is-config="true" signature="closebrowser1()[pri:0, instance:com.test.seleniumtest.Testingorder@4d02f94e]" started-at="2023-01-01T22:48:41 IST" name="closebrowser1" finished-at="2023-01-01T22:48:41 IST" duration-ms="1" status="PASS">
          <reporter-output>
          </reporter-output>
        </test-method> <!-- closebrowser1 -->
        <test-method is-config="true" signature="deletecachecookiesanything()[pri:0, instance:com.test.seleniumtest.Testingorder@4d02f94e]" started-at="2023-01-01T22:48:41 IST" name="deletecachecookiesanything" finished-at="2023-01-01T22:48:41 IST" duration-ms="0" status="PASS">
          <reporter-output>
          </reporter-output>
        </test-method> <!-- deletecachecookiesanything -->
      </class> <!-- com.test.seleniumtest.Testingorder -->
    </test> <!-- Default test -->
  </suite> <!-- Default suite -->
</testng-results>
